<?xml version="1.0" encoding="UTF-8"?>
<!-- Generated by org.testng.reporters.JUnitReportReporter -->
<testsuite hostname="AZMAL" failures="0" tests="2" name="ebankingPracticeTest.DepositTest" time="10.156" errors="0" timestamp="2022-09-28T17:29:04 IST" skipped="0">
  <testcase classname="ebankingPracticeTest.DepositTest" name="testDepositWithInvalidData" time="9.314"/>
  <system-out/>
  <testcase classname="ebankingPracticeTest.DepositTest" name="testDepositWithValidData" time="0.842"/>
  <system-out/>
</testsuite> <!-- ebankingPracticeTest.DepositTest -->
