<?xml version="1.0" encoding="UTF-8"?>
<!-- Generated by org.testng.reporters.JUnitReportReporter -->
<testsuite hostname="AZMAL" failures="0" tests="3" name="ebankingLoginTest.EBankingLoginTest" time="3.175" errors="0" timestamp="2022-09-28T17:29:04 IST" skipped="0">
  <testcase classname="ebankingLoginTest.EBankingLoginTest" name="testResetUserIdAndpassword" time="0.383"/>
  <system-out/>
  <testcase classname="ebankingLoginTest.EBankingLoginTest" name="testLoginWithValidUserIdAndPassword" time="1.978"/>
  <system-out/>
  <testcase classname="ebankingLoginTest.EBankingLoginTest" name="testLogoutFromAccount" time="0.814"/>
  <system-out/>
</testsuite> <!-- ebankingLoginTest.EBankingLoginTest -->
