<?xml version="1.0" encoding="UTF-8"?>
<!-- Generated by org.testng.reporters.JUnitReportReporter -->
<testsuite hostname="AZMAL" failures="0" tests="1" name="ebankingPracticeTest.AddNewCustomerTest" time="9.037" errors="0" timestamp="2022-09-28T17:29:04 IST" skipped="0">
  <testcase classname="ebankingPracticeTest.AddNewCustomerTest" name="testAddNewCustomerFieldsWithValidDetails" time="9.037"/>
  <system-out/>
</testsuite> <!-- ebankingPracticeTest.AddNewCustomerTest -->
